<?xml version="1.0" encoding="UTF-8"?>
<testng-results ignored="0" total="1" passed="1" failed="0" skipped="0">
  <reporter-output>
  </reporter-output>
  <suite started-at="2022-07-31T00:15:36 AST" name="Default suite" finished-at="2022-07-31T00:15:46 AST" duration-ms="9982">
    <groups>
    </groups>
    <test started-at="2022-07-31T00:15:36 AST" name="Default test" finished-at="2022-07-31T00:15:46 AST" duration-ms="9982">
      <class name="ass2ApplyingAncestorAxesMethod.ChromWebDriver">
        <test-method is-config="true" signature="setUp()[pri:0, instance:ass2ApplyingAncestorAxesMethod.ChromWebDriver@7880cdf3]" started-at="2022-07-31T00:15:36 AST" name="setUp" finished-at="2022-07-31T00:15:45 AST" duration-ms="9284" status="PASS">
          <reporter-output>
          </reporter-output>
        </test-method> <!-- setUp -->
        <test-method signature="LearnEnglishWebSite()[pri:0, instance:ass2ApplyingAncestorAxesMethod.ChromWebDriver@7880cdf3]" started-at="2022-07-31T00:15:45 AST" name="LearnEnglishWebSite" finished-at="2022-07-31T00:15:45 AST" duration-ms="310" status="PASS">
          <reporter-output>
          </reporter-output>
        </test-method> <!-- LearnEnglishWebSite -->
        <test-method is-config="true" signature="terminateBrowser()[pri:0, instance:ass2ApplyingAncestorAxesMethod.ChromWebDriver@7880cdf3]" started-at="2022-07-31T00:15:45 AST" name="terminateBrowser" finished-at="2022-07-31T00:15:46 AST" duration-ms="343" status="PASS">
          <reporter-output>
          </reporter-output>
        </test-method> <!-- terminateBrowser -->
      </class> <!-- ass2ApplyingAncestorAxesMethod.ChromWebDriver -->
    </test> <!-- Default test -->
  </suite> <!-- Default suite -->
</testng-results>
